0 info it worked if it ends with ok
1 verbose cli [ '/usr/local/bin/node', '/usr/local/bin/npm', 'run', 'babel' ]
2 info using npm@2.14.4
3 info using node@v4.1.2
4 verbose run-script [ 'prebabel', 'babel', 'postbabel' ]
5 info prebabel CollapsibleTable@1.0.0
6 info babel CollapsibleTable@1.0.0
7 verbose unsafe-perm in lifecycle true
8 info CollapsibleTable@1.0.0 Failed to exec babel script
9 verbose stack Error: CollapsibleTable@1.0.0 babel: `babel CollapsibleTable.js --watch --out-file CollapsibleTable-compiled.js`
9 verbose stack Exit status 2
9 verbose stack     at EventEmitter.<anonymous> (/usr/local/lib/node_modules/npm/lib/utils/lifecycle.js:214:16)
9 verbose stack     at emitTwo (events.js:87:13)
9 verbose stack     at EventEmitter.emit (events.js:172:7)
9 verbose stack     at ChildProcess.<anonymous> (/usr/local/lib/node_modules/npm/lib/utils/spawn.js:24:14)
9 verbose stack     at emitTwo (events.js:87:13)
9 verbose stack     at ChildProcess.emit (events.js:172:7)
9 verbose stack     at maybeClose (internal/child_process.js:818:16)
9 verbose stack     at Process.ChildProcess._handle.onexit (internal/child_process.js:211:5)
10 verbose pkgid CollapsibleTable@1.0.0
11 verbose cwd /var/www/html/projects/wonderolie/wonderolie/CollapsibleTable
12 error Linux 3.8.11
13 error argv "/usr/local/bin/node" "/usr/local/bin/npm" "run" "babel"
14 error node v4.1.2
15 error npm  v2.14.4
16 error code ELIFECYCLE
17 error CollapsibleTable@1.0.0 babel: `babel CollapsibleTable.js --watch --out-file CollapsibleTable-compiled.js`
17 error Exit status 2
18 error Failed at the CollapsibleTable@1.0.0 babel script 'babel CollapsibleTable.js --watch --out-file CollapsibleTable-compiled.js'.
18 error This is most likely a problem with the CollapsibleTable package,
18 error not with npm itself.
18 error Tell the author that this fails on your system:
18 error     babel CollapsibleTable.js --watch --out-file CollapsibleTable-compiled.js
18 error You can get their info via:
18 error     npm owner ls CollapsibleTable
18 error There is likely additional logging output above.
19 verbose exit [ 1, true ]
